<?xml version="1.0" encoding="UTF-8"?>
<testsuite xmlns:xsi="http://www.w3.org/2001/XMLSchema-instance" xsi:noNamespaceSchemaLocation="https://maven.apache.org/surefire/maven-surefire-plugin/xsd/surefire-test-report-3.0.xsd" version="3.0" name="co.edu.unicauca.microkernel.pipeline.QuestionPipelineTest" time="0.008" tests="7" errors="0" skipped="0" failures="0">
  <properties>
[...]
</properties>
  <testcase name="testPipelineCompletoConSolicitudValida" classname="co.edu.unicauca.microkernel.pipeline.QuestionPipelineTest" time="0.0"/>
  <testcase name="testPipelineFallaSiUnaOpcionEstaVacia" classname="co.edu.unicauca.microkernel.pipeline.QuestionPipelineTest" time="0.001">
    <system-err><![CDATA[OptionsValidationFilter: ninguna opción puede estar vacía.
]]></system-err>
  </testcase>
  <testcase name="testClassificationFilterConCompetenciaInvalida" classname="co.edu.unicauca.microkernel.pipeline.QuestionPipelineTest" time="0.0"/>
  <testcase name="testCorrectAnswerValidationFilterConRespuestaFueraDeOpciones" classname="co.edu.unicauca.microkernel.pipeline.QuestionPipelineTest" time="0.001"/>
  <testcase name="testOptionsValidationFilterConMenosDeCuatroOpciones" classname="co.edu.unicauca.microkernel.pipeline.QuestionPipelineTest" time="0.0"/>
  <testcase name="testContentValidationFilterInvalido" classname="co.edu.unicauca.microkernel.pipeline.QuestionPipelineTest" time="0.002"/>
  <testcase name="testOptionsValidationFilterConOpcionesDuplicadas" classname="co.edu.unicauca.microkernel.pipeline.QuestionPipelineTest" time="0.0"/>
</testsuite>